# JRE version: OpenJDK Runtime Environment Zulu11.41+23-CA (11.0.8+10) (build 11.0.8+10-LTS)
# Java VM: OpenJDK 64-Bit Server VM Zulu11.41+23-CA (11.0.8+10-LTS, mixed mode, tiered, compressed oops, g1 gc, windows-amd64)
Heap:
 garbage-first heap   total 189440K, used 84185K [0x0000000080000000, 0x0000000100000000)
  region size 1024K, 38 young (38912K), 9 survivors (9216K)
 Metaspace       used 72345K, capacity 74508K, committed 74748K, reserved 1114112K
  class space    used 9446K, capacity 10298K, committed 10368K, reserved 1048576K
GC Heap History (20 events):
Event: 15.315 GC heap before
{Heap before GC invocations=19 (full 0):
 garbage-first heap   total 189440K, used 136830K [0x0000000080000000, 0x0000000100000000)
  region size 1024K, 101 young (103424K), 8 survivors (8192K)
 Metaspace       used 67380K, capacity 69301K, committed 69372K, reserved 1110016K
  class space    used 8786K, capacity 9569K, committed 9600K, reserved 1048576K
}
Event: 15.327 GC heap after
{Heap after GC invocations=20 (full 0):
 garbage-first heap   total 189440K, used 41634K [0x0000000080000000, 0x0000000100000000)
  region size 1024K, 6 young (6144K), 6 survivors (6144K)
 Metaspace       used 67380K, capacity 69301K, committed 69372K, reserved 1110016K
  class space    used 8786K, capacity 9569K, committed 9600K, reserved 1048576K
}
Event: 17.117 GC heap before
{Heap before GC invocations=20 (full 0):
 garbage-first heap   total 189440K, used 146082K [0x0000000080000000, 0x0000000100000000)
  region size 1024K, 108 young (110592K), 6 survivors (6144K)
 Metaspace       used 70126K, capacity 72190K, committed 72316K, reserved 1112064K
  class space    used 9164K, capacity 9983K, committed 9984K, reserved 1048576K
}
Event: 17.125 GC heap after
{Heap after GC invocations=21 (full 0):
 garbage-first heap   total 189440K, used 42953K [0x0000000080000000, 0x0000000100000000)
  region size 1024K, 7 young (7168K), 7 survivors (7168K)
 Metaspace       used 70126K, capacity 72190K, committed 72316K, reserved 1112064K
  class space    used 9164K, capacity 9983K, committed 9984K, reserved 1048576K
}
Event: 17.799 GC heap before
{Heap before GC invocations=21 (full 0):
 garbage-first heap   total 189440K, used 147401K [0x0000000080000000, 0x0000000100000000)
  region size 1024K, 109 young (111616K), 7 survivors (7168K)
 Metaspace       used 70242K, capacity 72330K, committed 72700K, reserved 1112064K
  class space    used 9166K, capacity 9986K, committed 10112K, reserved 1048576K
}
Event: 17.811 GC heap after
{Heap after GC invocations=22 (full 0):
 garbage-first heap   total 189440K, used 45001K [0x0000000080000000, 0x0000000100000000)
  region size 1024K, 9 young (9216K), 9 survivors (9216K)
 Metaspace       used 70242K, capacity 72330K, committed 72700K, reserved 1112064K
  class space    used 9166K, capacity 9986K, committed 10112K, reserved 1048576K
}
Event: 18.446 GC heap before
{Heap before GC invocations=22 (full 0):
 garbage-first heap   total 189440K, used 149449K [0x0000000080000000, 0x0000000100000000)
  region size 1024K, 111 young (113664K), 9 survivors (9216K)
 Metaspace       used 71423K, capacity 73537K, committed 73596K, reserved 1112064K
  class space    used 9388K, capacity 10227K, committed 10240K, reserved 1048576K
}
Event: 18.456 GC heap after
{Heap after GC invocations=23 (full 0):
 garbage-first heap   total 189440K, used 46262K [0x0000000080000000, 0x0000000100000000)
  region size 1024K, 8 young (8192K), 8 survivors (8192K)
 Metaspace       used 71423K, capacity 73537K, committed 73596K, reserved 1112064K
  class space    used 9388K, capacity 10227K, committed 10240K, reserved 1048576K
}
Event: 19.531 GC heap before
{Heap before GC invocations=23 (full 0):
 garbage-first heap   total 189440K, used 151734K [0x0000000080000000, 0x0000000100000000)
  region size 1024K, 111 young (113664K), 8 survivors (8192K)
 Metaspace       used 71573K, capacity 73690K, committed 73852K, reserved 1114112K
  class space    used 9393K, capacity 10233K, committed 10240K, reserved 1048576K
}
Event: 19.539 GC heap after
{Heap after GC invocations=24 (full 0):
 garbage-first heap   total 189440K, used 48379K [0x0000000080000000, 0x0000000100000000)
  region size 1024K, 7 young (7168K), 7 survivors (7168K)
 Metaspace       used 71573K, capacity 73690K, committed 73852K, reserved 1114112K
  class space    used 9393K, capacity 10233K, committed 10240K, reserved 1048576K
}
Event: 20.228 GC heap before
{Heap before GC invocations=24 (full 0):
 garbage-first heap   total 189440K, used 153851K [0x0000000080000000, 0x0000000100000000)
  region size 1024K, 110 young (112640K), 7 survivors (7168K)
 Metaspace       used 71647K, capacity 73754K, committed 73852K, reserved 1114112K
  class space    used 9394K, capacity 10233K, committed 10240K, reserved 1048576K
}
Event: 20.236 GC heap after
{Heap after GC invocations=25 (full 0):
 garbage-first heap   total 189440K, used 51410K [0x0000000080000000, 0x0000000100000000)
  region size 1024K, 10 young (10240K), 10 survivors (10240K)
 Metaspace       used 71647K, capacity 73754K, committed 73852K, reserved 1114112K
  class space    used 9394K, capacity 10233K, committed 10240K, reserved 1048576K
}
Event: 23.573 GC heap before
{Heap before GC invocations=25 (full 0):
 garbage-first heap   total 189440K, used 154834K [0x0000000080000000, 0x0000000100000000)
  region size 1024K, 111 young (113664K), 10 survivors (10240K)
 Metaspace       used 72070K, capacity 74156K, committed 74492K, reserved 1114112K
  class space    used 9432K, capacity 10280K, committed 10368K, reserved 1048576K
}
Event: 23.582 GC heap after
{Heap after GC invocations=26 (full 0):
 garbage-first heap   total 189440K, used 50276K [0x0000000080000000, 0x0000000100000000)
  region size 1024K, 6 young (6144K), 6 survivors (6144K)
 Metaspace       used 72070K, capacity 74156K, committed 74492K, reserved 1114112K
  class space    used 9432K, capacity 10280K, committed 10368K, reserved 1048576K
}
Event: 23.960 GC heap before
{Heap before GC invocations=26 (full 0):
 garbage-first heap   total 189440K, used 155748K [0x0000000080000000, 0x0000000100000000)
  region size 1024K, 109 young (111616K), 6 survivors (6144K)
 Metaspace       used 72083K, capacity 74222K, committed 74492K, reserved 1114112K
  class space    used 9432K, capacity 10280K, committed 10368K, reserved 1048576K
}
Event: 23.968 GC heap after
{Heap after GC invocations=27 (full 0):
 garbage-first heap   total 189440K, used 51190K [0x0000000080000000, 0x0000000100000000)
  region size 1024K, 7 young (7168K), 7 survivors (7168K)
 Metaspace       used 72083K, capacity 74222K, committed 74492K, reserved 1114112K
  class space    used 9432K, capacity 10280K, committed 10368K, reserved 1048576K
}
Event: 24.648 GC heap before
{Heap before GC invocations=27 (full 0):
 garbage-first heap   total 189440K, used 157686K [0x0000000080000000, 0x0000000100000000)
  region size 1024K, 111 young (113664K), 7 survivors (7168K)
 Metaspace       used 72265K, capacity 74421K, committed 74748K, reserved 1114112K
  class space    used 9443K, capacity 10293K, committed 10368K, reserved 1048576K
}
Event: 24.658 GC heap after
{Heap after GC invocations=28 (full 0):
 garbage-first heap   total 189440K, used 53675K [0x0000000080000000, 0x0000000100000000)
  region size 1024K, 10 young (10240K), 10 survivors (10240K)
 Metaspace       used 72265K, capacity 74421K, committed 74748K, reserved 1114112K
  class space    used 9443K, capacity 10293K, committed 10368K, reserved 1048576K
}
Event: 25.338 GC heap before
{Heap before GC invocations=28 (full 0):
 garbage-first heap   total 189440K, used 157099K [0x0000000080000000, 0x0000000100000000)
  region size 1024K, 111 young (113664K), 10 survivors (10240K)
 Metaspace       used 72315K, capacity 74508K, committed 74748K, reserved 1114112K
  class space    used 9446K, capacity 10298K, committed 10368K, reserved 1048576K
}
Event: 25.361 GC heap after
{Heap after GC invocations=29 (full 0):
 garbage-first heap   total 189440K, used 55513K [0x0000000080000000, 0x0000000100000000)
  region size 1024K, 9 young (9216K), 9 survivors (9216K)
 Metaspace       used 72315K, capacity 74508K, committed 74748K, reserved 1114112K
  class space    used 9446K, capacity 10298K, committed 10368K, reserved 1048576K
}

