# JRE version: Java(TM) SE Runtime Environment (8.0_271-b09) (build 1.8.0_271-b09)
# Java VM: Java HotSpot(TM) 64-Bit Server VM (25.271-b09 mixed mode windows-amd64 compressed oops)
Heap:
 PSYoungGen      total 340480K, used 31575K [0x00000000d5580000, 0x00000000eaf80000, 0x0000000100000000)
  eden space 330752K, 7% used [0x00000000d5580000,0x00000000d6c65bf0,0x00000000e9880000)
  from space 9728K, 83% used [0x00000000ea300000,0x00000000eaaf0010,0x00000000eac80000)
  to   space 10752K, 0% used [0x00000000e9880000,0x00000000e9880000,0x00000000ea300000)
 ParOldGen       total 113152K, used 36279K [0x0000000080000000, 0x0000000086e80000, 0x00000000d5580000)
  object space 113152K, 32% used [0x0000000080000000,0x000000008236ded0,0x0000000086e80000)
 Metaspace       used 73551K, capacity 77881K, committed 78080K, reserved 1118208K
  class space    used 9216K, capacity 9938K, committed 9984K, reserved 1048576K
GC Heap History (10 events):
Event: 36.145 GC heap before
{Heap before GC invocations=21 (full 3):
 PSYoungGen      total 341504K, used 330752K [0x00000000d5580000, 0x00000000eaf80000, 0x0000000100000000)
  eden space 330752K, 100% used [0x00000000d5580000,0x00000000e9880000,0x00000000e9880000)
  from space 10752K, 0% used [0x00000000e9880000,0x00000000e9880000,0x00000000ea300000)
  to   space 9728K, 0% used [0x00000000ea300000,0x00000000ea300000,0x00000000eac80000)
 ParOldGen       total 113152K, used 29731K [0x0000000080000000, 0x0000000086e80000, 0x00000000d5580000)
  object space 113152K, 26% used [0x0000000080000000,0x0000000081d08fe0,0x0000000086e80000)
 Metaspace       used 62304K, capacity 66007K, committed 66304K, reserved 1107968K
  class space    used 7711K, capacity 8363K, committed 8448K, reserved 1048576K
Event: 36.164 GC heap after
Heap after GC invocations=21 (full 3):
 PSYoungGen      total 340480K, used 9723K [0x00000000d5580000, 0x00000000eaf80000, 0x0000000100000000)
  eden space 330752K, 0% used [0x00000000d5580000,0x00000000d5580000,0x00000000e9880000)
  from space 9728K, 99% used [0x00000000ea300000,0x00000000eac7ed90,0x00000000eac80000)
  to   space 10752K, 0% used [0x00000000e9880000,0x00000000e9880000,0x00000000ea300000)
 ParOldGen       total 113152K, used 30148K [0x0000000080000000, 0x0000000086e80000, 0x00000000d5580000)
  object space 113152K, 26% used [0x0000000080000000,0x0000000081d71178,0x0000000086e80000)
 Metaspace       used 62304K, capacity 66007K, committed 66304K, reserved 1107968K
  class space    used 7711K, capacity 8363K, committed 8448K, reserved 1048576K
}
Event: 43.130 GC heap before
{Heap before GC invocations=22 (full 3):
 PSYoungGen      total 340480K, used 340475K [0x00000000d5580000, 0x00000000eaf80000, 0x0000000100000000)
  eden space 330752K, 100% used [0x00000000d5580000,0x00000000e9880000,0x00000000e9880000)
  from space 9728K, 99% used [0x00000000ea300000,0x00000000eac7ed90,0x00000000eac80000)
  to   space 10752K, 0% used [0x00000000e9880000,0x00000000e9880000,0x00000000ea300000)
 ParOldGen       total 113152K, used 30148K [0x0000000080000000, 0x0000000086e80000, 0x00000000d5580000)
  object space 113152K, 26% used [0x0000000080000000,0x0000000081d71178,0x0000000086e80000)
 Metaspace       used 69077K, capacity 73223K, committed 73472K, reserved 1114112K
  class space    used 8636K, capacity 9365K, committed 9472K, reserved 1048576K
Event: 43.148 GC heap after
Heap after GC invocations=22 (full 3):
 PSYoungGen      total 341504K, used 6645K [0x00000000d5580000, 0x00000000eaf80000, 0x0000000100000000)
  eden space 330752K, 0% used [0x00000000d5580000,0x00000000d5580000,0x00000000e9880000)
  from space 10752K, 61% used [0x00000000e9880000,0x00000000e9efd608,0x00000000ea300000)
  to   space 9728K, 0% used [0x00000000ea300000,0x00000000ea300000,0x00000000eac80000)
 ParOldGen       total 113152K, used 34513K [0x0000000080000000, 0x0000000086e80000, 0x00000000d5580000)
  object space 113152K, 30% used [0x0000000080000000,0x00000000821b47d0,0x0000000086e80000)
 Metaspace       used 69077K, capacity 73223K, committed 73472K, reserved 1114112K
  class space    used 8636K, capacity 9365K, committed 9472K, reserved 1048576K
}
Event: 48.897 GC heap before
{Heap before GC invocations=23 (full 3):
 PSYoungGen      total 341504K, used 337397K [0x00000000d5580000, 0x00000000eaf80000, 0x0000000100000000)
  eden space 330752K, 100% used [0x00000000d5580000,0x00000000e9880000,0x00000000e9880000)
  from space 10752K, 61% used [0x00000000e9880000,0x00000000e9efd608,0x00000000ea300000)
  to   space 9728K, 0% used [0x00000000ea300000,0x00000000ea300000,0x00000000eac80000)
 ParOldGen       total 113152K, used 34513K [0x0000000080000000, 0x0000000086e80000, 0x00000000d5580000)
  object space 113152K, 30% used [0x0000000080000000,0x00000000821b47d0,0x0000000086e80000)
 Metaspace       used 72817K, capacity 77067K, committed 77312K, reserved 1116160K
  class space    used 9185K, capacity 9915K, committed 9984K, reserved 1048576K
Event: 48.919 GC heap after
Heap after GC invocations=23 (full 3):
 PSYoungGen      total 340480K, used 9425K [0x00000000d5580000, 0x00000000eaf80000, 0x0000000100000000)
  eden space 330752K, 0% used [0x00000000d5580000,0x00000000d5580000,0x00000000e9880000)
  from space 9728K, 96% used [0x00000000ea300000,0x00000000eac34798,0x00000000eac80000)
  to   space 10752K, 0% used [0x00000000e9880000,0x00000000e9880000,0x00000000ea300000)
 ParOldGen       total 113152K, used 36279K [0x0000000080000000, 0x0000000086e80000, 0x00000000d5580000)
  object space 113152K, 32% used [0x0000000080000000,0x000000008236ded0,0x0000000086e80000)
 Metaspace       used 72817K, capacity 77067K, committed 77312K, reserved 1116160K
  class space    used 9185K, capacity 9915K, committed 9984K, reserved 1048576K
}
Event: 53.127 GC heap before
{Heap before GC invocations=24 (full 3):
 PSYoungGen      total 340480K, used 340177K [0x00000000d5580000, 0x00000000eaf80000, 0x0000000100000000)
  eden space 330752K, 100% used [0x00000000d5580000,0x00000000e9880000,0x00000000e9880000)
  from space 9728K, 96% used [0x00000000ea300000,0x00000000eac34798,0x00000000eac80000)
  to   space 10752K, 0% used [0x00000000e9880000,0x00000000e9880000,0x00000000ea300000)
 ParOldGen       total 113152K, used 36279K [0x0000000080000000, 0x0000000086e80000, 0x00000000d5580000)
  object space 113152K, 32% used [0x0000000080000000,0x000000008236ded0,0x0000000086e80000)
 Metaspace       used 73230K, capacity 77495K, committed 77568K, reserved 1116160K
  class space    used 9210K, capacity 9929K, committed 9984K, reserved 1048576K
Event: 53.144 GC heap after
Heap after GC invocations=24 (full 3):
 PSYoungGen      total 341504K, used 7375K [0x00000000d5580000, 0x00000000eaf80000, 0x0000000100000000)
  eden space 330752K, 0% used [0x00000000d5580000,0x00000000d5580000,0x00000000e9880000)
  from space 10752K, 68% used [0x00000000e9880000,0x00000000e9fb3f88,0x00000000ea300000)
  to   space 9728K, 0% used [0x00000000ea300000,0x00000000ea300000,0x00000000eac80000)
 ParOldGen       total 113152K, used 36279K [0x0000000080000000, 0x0000000086e80000, 0x00000000d5580000)
  object space 113152K, 32% used [0x0000000080000000,0x000000008236ded0,0x0000000086e80000)
 Metaspace       used 73230K, capacity 77495K, committed 77568K, reserved 1116160K
  class space    used 9210K, capacity 9929K, committed 9984K, reserved 1048576K
}
Event: 57.862 GC heap before
{Heap before GC invocations=25 (full 3):
 PSYoungGen      total 341504K, used 338127K [0x00000000d5580000, 0x00000000eaf80000, 0x0000000100000000)
  eden space 330752K, 100% used [0x00000000d5580000,0x00000000e9880000,0x00000000e9880000)
  from space 10752K, 68% used [0x00000000e9880000,0x00000000e9fb3f88,0x00000000ea300000)
  to   space 9728K, 0% used [0x00000000ea300000,0x00000000ea300000,0x00000000eac80000)
 ParOldGen       total 113152K, used 36279K [0x0000000080000000, 0x0000000086e80000, 0x00000000d5580000)
  object space 113152K, 32% used [0x0000000080000000,0x000000008236ded0,0x0000000086e80000)
 Metaspace       used 73532K, capacity 77869K, committed 78080K, reserved 1118208K
  class space    used 9215K, capacity 9936K, committed 9984K, reserved 1048576K
Event: 57.908 GC heap after
Heap after GC invocations=25 (full 3):
 PSYoungGen      total 340480K, used 8128K [0x00000000d5580000, 0x00000000eaf80000, 0x0000000100000000)
  eden space 330752K, 0% used [0x00000000d5580000,0x00000000d5580000,0x00000000e9880000)
  from space 9728K, 83% used [0x00000000ea300000,0x00000000eaaf0010,0x00000000eac80000)
  to   space 10752K, 0% used [0x00000000e9880000,0x00000000e9880000,0x00000000ea300000)
 ParOldGen       total 113152K, used 36279K [0x0000000080000000, 0x0000000086e80000, 0x00000000d5580000)
  object space 113152K, 32% used [0x0000000080000000,0x000000008236ded0,0x0000000086e80000)
 Metaspace       used 73532K, capacity 77869K, committed 78080K, reserved 1118208K
  class space    used 9215K, capacity 9936K, committed 9984K, reserved 1048576K
}

