# JRE version: Java(TM) SE Runtime Environment (8.0_271-b09) (build 1.8.0_271-b09)
# Java VM: Java HotSpot(TM) 64-Bit Server VM (25.271-b09 mixed mode windows-amd64 compressed oops)
Heap:
 PSYoungGen      total 375808K, used 127657K [0x00000000d5580000, 0x00000000ed080000, 0x0000000100000000)
  eden space 365568K, 34% used [0x00000000d5580000,0x00000000dd22a538,0x00000000eba80000)
  from space 10240K, 0% used [0x00000000ec600000,0x00000000ec600000,0x00000000ed000000)
  to   space 11264K, 0% used [0x00000000eba80000,0x00000000eba80000,0x00000000ec580000)
 ParOldGen       total 115200K, used 31642K [0x0000000080000000, 0x0000000087080000, 0x00000000d5580000)
  object space 115200K, 27% used [0x0000000080000000,0x0000000081ee6908,0x0000000087080000)
 Metaspace       used 56400K, capacity 60079K, committed 60308K, reserved 1101824K
  class space    used 6972K, capacity 7625K, committed 7680K, reserved 1048576K
GC Heap History (10 events):
Event: 20.878 GC heap before
{Heap before GC invocations=15 (full 2):
 PSYoungGen      total 280576K, used 273408K [0x00000000d5580000, 0x00000000e6f80000, 0x0000000100000000)
  eden space 273408K, 100% used [0x00000000d5580000,0x00000000e6080000,0x00000000e6080000)
  from space 7168K, 0% used [0x00000000e6880000,0x00000000e6880000,0x00000000e6f80000)
  to   space 7680K, 0% used [0x00000000e6080000,0x00000000e6080000,0x00000000e6800000)
 ParOldGen       total 72192K, used 11838K [0x0000000080000000, 0x0000000084680000, 0x00000000d5580000)
  object space 72192K, 16% used [0x0000000080000000,0x0000000080b8f8e0,0x0000000084680000)
 Metaspace       used 39453K, capacity 41422K, committed 41472K, reserved 1085440K
  class space    used 4691K, capacity 5072K, committed 5120K, reserved 1048576K
Event: 20.909 GC heap after
Heap after GC invocations=15 (full 2):
 PSYoungGen      total 281088K, used 7654K [0x00000000d5580000, 0x00000000ed000000, 0x0000000100000000)
  eden space 273408K, 0% used [0x00000000d5580000,0x00000000d5580000,0x00000000e6080000)
  from space 7680K, 99% used [0x00000000e6080000,0x00000000e67f9a30,0x00000000e6800000)
  to   space 10240K, 0% used [0x00000000ec600000,0x00000000ec600000,0x00000000ed000000)
 ParOldGen       total 72192K, used 16343K [0x0000000080000000, 0x0000000084680000, 0x00000000d5580000)
  object space 72192K, 22% used [0x0000000080000000,0x0000000080ff5f60,0x0000000084680000)
 Metaspace       used 39453K, capacity 41422K, committed 41472K, reserved 1085440K
  class space    used 4691K, capacity 5072K, committed 5120K, reserved 1048576K
}
Event: 24.521 GC heap before
{Heap before GC invocations=16 (full 2):
 PSYoungGen      total 281088K, used 281062K [0x00000000d5580000, 0x00000000ed000000, 0x0000000100000000)
  eden space 273408K, 100% used [0x00000000d5580000,0x00000000e6080000,0x00000000e6080000)
  from space 7680K, 99% used [0x00000000e6080000,0x00000000e67f9a30,0x00000000e6800000)
  to   space 10240K, 0% used [0x00000000ec600000,0x00000000ec600000,0x00000000ed000000)
 ParOldGen       total 72192K, used 16343K [0x0000000080000000, 0x0000000084680000, 0x00000000d5580000)
  object space 72192K, 22% used [0x0000000080000000,0x0000000080ff5f60,0x0000000084680000)
 Metaspace       used 44671K, capacity 47138K, committed 47360K, reserved 1091584K
  class space    used 5392K, capacity 5852K, committed 5888K, reserved 1048576K
Event: 24.565 GC heap after
Heap after GC invocations=16 (full 2):
 PSYoungGen      total 375808K, used 9479K [0x00000000d5580000, 0x00000000ed080000, 0x0000000100000000)
  eden space 365568K, 0% used [0x00000000d5580000,0x00000000d5580000,0x00000000eba80000)
  from space 10240K, 92% used [0x00000000ec600000,0x00000000ecf41e18,0x00000000ed000000)
  to   space 11264K, 0% used [0x00000000eba80000,0x00000000eba80000,0x00000000ec580000)
 ParOldGen       total 72192K, used 21503K [0x0000000080000000, 0x0000000084680000, 0x00000000d5580000)
  object space 72192K, 29% used [0x0000000080000000,0x00000000814fffd8,0x0000000084680000)
 Metaspace       used 44671K, capacity 47138K, committed 47360K, reserved 1091584K
  class space    used 5392K, capacity 5852K, committed 5888K, reserved 1048576K
}
Event: 30.766 GC heap before
{Heap before GC invocations=17 (full 2):
 PSYoungGen      total 375808K, used 375047K [0x00000000d5580000, 0x00000000ed080000, 0x0000000100000000)
  eden space 365568K, 100% used [0x00000000d5580000,0x00000000eba80000,0x00000000eba80000)
  from space 10240K, 92% used [0x00000000ec600000,0x00000000ecf41e18,0x00000000ed000000)
  to   space 11264K, 0% used [0x00000000eba80000,0x00000000eba80000,0x00000000ec580000)
 ParOldGen       total 72192K, used 21503K [0x0000000080000000, 0x0000000084680000, 0x00000000d5580000)
  object space 72192K, 29% used [0x0000000080000000,0x00000000814fffd8,0x0000000084680000)
 Metaspace       used 51407K, capacity 54318K, committed 54400K, reserved 1097728K
  class space    used 6214K, capacity 6748K, committed 6784K, reserved 1048576K
Event: 30.811 GC heap after
Heap after GC invocations=17 (full 2):
 PSYoungGen      total 376832K, used 11263K [0x00000000d5580000, 0x00000000ed080000, 0x0000000100000000)
  eden space 365568K, 0% used [0x00000000d5580000,0x00000000d5580000,0x00000000eba80000)
  from space 11264K, 99% used [0x00000000eba80000,0x00000000ec57fcc8,0x00000000ec580000)
  to   space 10240K, 0% used [0x00000000ec600000,0x00000000ec600000,0x00000000ed000000)
 ParOldGen       total 72192K, used 26247K [0x0000000080000000, 0x0000000084680000, 0x00000000d5580000)
  object space 72192K, 36% used [0x0000000080000000,0x00000000819a1f68,0x0000000084680000)
 Metaspace       used 51407K, capacity 54318K, committed 54400K, reserved 1097728K
  class space    used 6214K, capacity 6748K, committed 6784K, reserved 1048576K
}
Event: 34.191 GC heap before
{Heap before GC invocations=18 (full 2):
 PSYoungGen      total 376832K, used 315677K [0x00000000d5580000, 0x00000000ed080000, 0x0000000100000000)
  eden space 365568K, 83% used [0x00000000d5580000,0x00000000e7ec7a60,0x00000000eba80000)
  from space 11264K, 99% used [0x00000000eba80000,0x00000000ec57fcc8,0x00000000ec580000)
  to   space 10240K, 0% used [0x00000000ec600000,0x00000000ec600000,0x00000000ed000000)
 ParOldGen       total 72192K, used 26247K [0x0000000080000000, 0x0000000084680000, 0x00000000d5580000)
  object space 72192K, 36% used [0x0000000080000000,0x00000000819a1f68,0x0000000084680000)
 Metaspace       used 55492K, capacity 58991K, committed 59028K, reserved 1101824K
  class space    used 6836K, capacity 7424K, committed 7424K, reserved 1048576K
Event: 34.220 GC heap after
Heap after GC invocations=18 (full 2):
 PSYoungGen      total 375808K, used 7969K [0x00000000d5580000, 0x00000000ed080000, 0x0000000100000000)
  eden space 365568K, 0% used [0x00000000d5580000,0x00000000d5580000,0x00000000eba80000)
  from space 10240K, 77% used [0x00000000ec600000,0x00000000ecdc86e0,0x00000000ed000000)
  to   space 11264K, 0% used [0x00000000eba80000,0x00000000eba80000,0x00000000ec580000)
 ParOldGen       total 72192K, used 32839K [0x0000000080000000, 0x0000000084680000, 0x00000000d5580000)
  object space 72192K, 45% used [0x0000000080000000,0x0000000082011fb8,0x0000000084680000)
 Metaspace       used 55492K, capacity 58991K, committed 59028K, reserved 1101824K
  class space    used 6836K, capacity 7424K, committed 7424K, reserved 1048576K
}
Event: 34.220 GC heap before
{Heap before GC invocations=19 (full 3):
 PSYoungGen      total 375808K, used 7969K [0x00000000d5580000, 0x00000000ed080000, 0x0000000100000000)
  eden space 365568K, 0% used [0x00000000d5580000,0x00000000d5580000,0x00000000eba80000)
  from space 10240K, 77% used [0x00000000ec600000,0x00000000ecdc86e0,0x00000000ed000000)
  to   space 11264K, 0% used [0x00000000eba80000,0x00000000eba80000,0x00000000ec580000)
 ParOldGen       total 72192K, used 32839K [0x0000000080000000, 0x0000000084680000, 0x00000000d5580000)
  object space 72192K, 45% used [0x0000000080000000,0x0000000082011fb8,0x0000000084680000)
 Metaspace       used 55492K, capacity 58991K, committed 59028K, reserved 1101824K
  class space    used 6836K, capacity 7424K, committed 7424K, reserved 1048576K
Event: 34.472 GC heap after
Heap after GC invocations=19 (full 3):
 PSYoungGen      total 375808K, used 0K [0x00000000d5580000, 0x00000000ed080000, 0x0000000100000000)
  eden space 365568K, 0% used [0x00000000d5580000,0x00000000d5580000,0x00000000eba80000)
  from space 10240K, 0% used [0x00000000ec600000,0x00000000ec600000,0x00000000ed000000)
  to   space 11264K, 0% used [0x00000000eba80000,0x00000000eba80000,0x00000000ec580000)
 ParOldGen       total 115200K, used 31642K [0x0000000080000000, 0x0000000087080000, 0x00000000d5580000)
  object space 115200K, 27% used [0x0000000080000000,0x0000000081ee6908,0x0000000087080000)
 Metaspace       used 55492K, capacity 58991K, committed 59028K, reserved 1101824K
  class space    used 6836K, capacity 7424K, committed 7424K, reserved 1048576K
}

